<?xml version="1.0" encoding="UTF-8"?>
<!-- Generated by org.testng.reporters.JUnitReportReporter -->
<testsuite hostname="DEEPTI" failures="0" tests="3" name="com.studennrol.testscripts.HomePageTest" time="5.426" errors="0" timestamp="2022-03-19T21:25:47 IST" skipped="0">
  <testcase classname="com.studennrol.testscripts.HomePageTest" name="verifyHomePage" time="2.034"/>
  <system-out/>
  <testcase classname="com.studennrol.testscripts.HomePageTest" name="verifyGoThruCoursePage" time="1.528"/>
  <system-out/>
  <testcase classname="com.studennrol.testscripts.HomePageTest" name="verifyCoursePage" time="1.864"/>
  <system-out/>
</testsuite> <!-- com.studennrol.testscripts.HomePageTest -->
