<?xml version="1.0" encoding="UTF-8"?>
<!-- Generated by org.testng.reporters.JUnitReportReporter -->
<testsuite hostname="DEEPTI" failures="0" tests="2" name="com.studennrol.testscripts.CoursePageTest" time="9.176" errors="0" timestamp="2022-03-19T21:25:47 IST" skipped="0">
  <testcase classname="com.studennrol.testscripts.CoursePageTest" name="verifyCourseSelect" time="8.087"/>
  <system-out/>
  <testcase classname="com.studennrol.testscripts.CoursePageTest" name="verifyLoginPage" time="1.089"/>
  <system-out/>
</testsuite> <!-- com.studennrol.testscripts.CoursePageTest -->
