<?xml version="1.0" encoding="UTF-8"?>
<!-- Generated by org.testng.reporters.JUnitReportReporter -->
<testsuite hostname="DEEPTI" failures="0" tests="1" name="com.studennrol.testscripts.EmpSearchPgTest" time="83.325" errors="0" timestamp="2022-03-19T21:25:47 IST" skipped="0">
  <testcase classname="com.studennrol.testscripts.EmpSearchPgTest" name="studListDisp" time="83.325"/>
  <system-out/>
</testsuite> <!-- com.studennrol.testscripts.EmpSearchPgTest -->
