<?xml version="1.0" encoding="UTF-8"?>
<!-- Generated by org.testng.reporters.JUnitReportReporter -->
<testsuite hostname="DEEPTI" failures="0" tests="1" name="com.studennrol.testscripts.LoginPageTest" time="0.164" errors="0" timestamp="2022-03-19T21:25:47 IST" skipped="0">
  <testcase classname="com.studennrol.testscripts.LoginPageTest" name="verifyempSignupBtn" time="0.164"/>
  <system-out/>
</testsuite> <!-- com.studennrol.testscripts.LoginPageTest -->
