<?xml version="1.0" encoding="UTF-8"?>
<!-- Generated by org.testng.reporters.JUnitReportReporter -->
<testsuite hostname="DEEPTI" failures="0" tests="7" name="com.studennrol.testscripts.EmpLoginPageTest" time="25.985" errors="0" timestamp="2022-03-19T21:25:47 IST" skipped="0">
  <testcase classname="com.studennrol.testscripts.EmpLoginPageTest" name="verifyValidLoginStud" time="3.928"/>
  <system-out/>
  <testcase classname="com.studennrol.testscripts.EmpLoginPageTest" name="verifyValidLoginStud" time="3.480"/>
  <system-out/>
  <testcase classname="com.studennrol.testscripts.EmpLoginPageTest" name="verifyValidLoginStud" time="3.912"/>
  <system-out/>
  <testcase classname="com.studennrol.testscripts.EmpLoginPageTest" name="verifyValidLoginStud" time="3.676"/>
  <system-out/>
  <testcase classname="com.studennrol.testscripts.EmpLoginPageTest" name="verifyValidLoginStud" time="3.748"/>
  <system-out/>
  <testcase classname="com.studennrol.testscripts.EmpLoginPageTest" name="verifyValidLoginStud" time="3.472"/>
  <system-out/>
  <testcase classname="com.studennrol.testscripts.EmpLoginPageTest" name="verifyValidLoginStud" time="3.769"/>
  <system-out/>
</testsuite> <!-- com.studennrol.testscripts.EmpLoginPageTest -->
